[10-May-2024 11:44:13 UTC] PHP Fatal error:  Uncaught Error: Call to undefined function the_filed() in C:\Users\luke\Local Sites\acf-cpt-single-and-archive-page\app\public\wp-content\themes\twentyseventeen\template-parts\post\content.php:35
Stack trace:
#0 C:\Users\luke\Local Sites\acf-cpt-single-and-archive-page\app\public\wp-includes\template.php(812): require()
#1 C:\Users\luke\Local Sites\acf-cpt-single-and-archive-page\app\public\wp-includes\template.php(745): load_template('C:\\Users\\luke\\L...', false, Array)
#2 C:\Users\luke\Local Sites\acf-cpt-single-and-archive-page\app\public\wp-includes\general-template.php(206): locate_template(Array, true, false, Array)
#3 C:\Users\luke\Local Sites\acf-cpt-single-and-archive-page\app\public\wp-content\themes\twentyseventeen\single.php(24): get_template_part('template-parts/...', '')
#4 C:\Users\luke\Local Sites\acf-cpt-single-and-archive-page\app\public\wp-includes\template-loader.php(106): include('C:\\Users\\luke\\L...')
#5 C:\Users\luke\Local Sites\acf-cpt-single-and-archive-page\app\public\wp-blog-header.php(19): require_once('C:\\Users\\luke\\L...')
#6 C:\Users\luke\Local Sites\acf-cpt-single-and-archive-page\app\public\index.php(17): require('C:\\Users\\luke\\L...')
#7 {main}
  thrown in C:\Users\luke\Local Sites\acf-cpt-single-and-archive-page\app\public\wp-content\themes\twentyseventeen\template-parts\post\content.php on line 35
[10-May-2024 11:44:41 UTC] PHP Fatal error:  Uncaught Error: Value of type null is not callable in C:\Users\luke\Local Sites\acf-cpt-single-and-archive-page\app\public\wp-content\themes\twentyseventeen\template-parts\post\content.php:35
Stack trace:
#0 C:\Users\luke\Local Sites\acf-cpt-single-and-archive-page\app\public\wp-includes\template.php(812): require()
#1 C:\Users\luke\Local Sites\acf-cpt-single-and-archive-page\app\public\wp-includes\template.php(745): load_template('C:\\Users\\luke\\L...', false, Array)
#2 C:\Users\luke\Local Sites\acf-cpt-single-and-archive-page\app\public\wp-includes\general-template.php(206): locate_template(Array, true, false, Array)
#3 C:\Users\luke\Local Sites\acf-cpt-single-and-archive-page\app\public\wp-content\themes\twentyseventeen\single.php(24): get_template_part('template-parts/...', '')
#4 C:\Users\luke\Local Sites\acf-cpt-single-and-archive-page\app\public\wp-includes\template-loader.php(106): include('C:\\Users\\luke\\L...')
#5 C:\Users\luke\Local Sites\acf-cpt-single-and-archive-page\app\public\wp-blog-header.php(19): require_once('C:\\Users\\luke\\L...')
#6 C:\Users\luke\Local Sites\acf-cpt-single-and-archive-page\app\public\index.php(17): require('C:\\Users\\luke\\L...')
#7 {main}
  thrown in C:\Users\luke\Local Sites\acf-cpt-single-and-archive-page\app\public\wp-content\themes\twentyseventeen\template-parts\post\content.php on line 35
[10-May-2024 11:48:48 UTC] PHP Parse error:  syntax error, unexpected token "<" in C:\Users\luke\Local Sites\acf-cpt-single-and-archive-page\app\public\wp-content\themes\twentyseventeen\template-parts\post\content.php on line 35
[10-May-2024 11:49:58 UTC] PHP Parse error:  syntax error, unexpected token "<" in C:\Users\luke\Local Sites\acf-cpt-single-and-archive-page\app\public\wp-content\themes\twentyseventeen\template-parts\post\content.php on line 35
[10-May-2024 11:51:56 UTC] PHP Parse error:  syntax error, unexpected token "<" in C:\Users\luke\Local Sites\acf-cpt-single-and-archive-page\app\public\wp-content\themes\twentyseventeen\template-parts\post\content.php on line 35
[10-May-2024 12:52:30 UTC] PHP Parse error:  syntax error, unexpected token "endwhile", expecting "elseif" or "else" or "endif" in C:\Users\luke\Local Sites\acf-cpt-single-and-archive-page\app\public\wp-content\themes\twentyseventeen\template-parts\page\content-front-page.php on line 42
[10-May-2024 14:39:11 UTC] PHP Fatal error:  Uncaught Error: Cannot use object of type WP_Query as array in C:\Users\luke\Local Sites\acf-cpt-single-and-archive-page\app\public\wp-includes\class-wp-query.php:3738
Stack trace:
#0 C:\Users\luke\Local Sites\acf-cpt-single-and-archive-page\app\public\wp-includes\class-wp-query.php(3712): WP_Query->rewind_posts()
#1 C:\Users\luke\Local Sites\acf-cpt-single-and-archive-page\app\public\wp-includes\query.php(948): WP_Query->have_posts()
#2 C:\Users\luke\Local Sites\acf-cpt-single-and-archive-page\app\public\wp-content\themes\twentyseventeen\front-page.php(23): have_posts()
#3 C:\Users\luke\Local Sites\acf-cpt-single-and-archive-page\app\public\wp-includes\template-loader.php(106): include('C:\\Users\\luke\\L...')
#4 C:\Users\luke\Local Sites\acf-cpt-single-and-archive-page\app\public\wp-blog-header.php(19): require_once('C:\\Users\\luke\\L...')
#5 C:\Users\luke\Local Sites\acf-cpt-single-and-archive-page\app\public\index.php(17): require('C:\\Users\\luke\\L...')
#6 {main}
  thrown in C:\Users\luke\Local Sites\acf-cpt-single-and-archive-page\app\public\wp-includes\class-wp-query.php on line 3738
[10-May-2024 14:39:53 UTC] PHP Fatal error:  Uncaught Error: Cannot use object of type WP_Query as array in C:\Users\luke\Local Sites\acf-cpt-single-and-archive-page\app\public\wp-includes\class-wp-query.php:3738
Stack trace:
#0 C:\Users\luke\Local Sites\acf-cpt-single-and-archive-page\app\public\wp-includes\class-wp-query.php(3712): WP_Query->rewind_posts()
#1 C:\Users\luke\Local Sites\acf-cpt-single-and-archive-page\app\public\wp-includes\query.php(948): WP_Query->have_posts()
#2 C:\Users\luke\Local Sites\acf-cpt-single-and-archive-page\app\public\wp-content\themes\twentyseventeen\front-page.php(23): have_posts()
#3 C:\Users\luke\Local Sites\acf-cpt-single-and-archive-page\app\public\wp-includes\template-loader.php(106): include('C:\\Users\\luke\\L...')
#4 C:\Users\luke\Local Sites\acf-cpt-single-and-archive-page\app\public\wp-blog-header.php(19): require_once('C:\\Users\\luke\\L...')
#5 C:\Users\luke\Local Sites\acf-cpt-single-and-archive-page\app\public\index.php(17): require('C:\\Users\\luke\\L...')
#6 {main}
  thrown in C:\Users\luke\Local Sites\acf-cpt-single-and-archive-page\app\public\wp-includes\class-wp-query.php on line 3738
[10-May-2024 14:39:59 UTC] PHP Fatal error:  Uncaught Error: Cannot use object of type WP_Query as array in C:\Users\luke\Local Sites\acf-cpt-single-and-archive-page\app\public\wp-includes\class-wp-query.php:3738
Stack trace:
#0 C:\Users\luke\Local Sites\acf-cpt-single-and-archive-page\app\public\wp-includes\class-wp-query.php(3712): WP_Query->rewind_posts()
#1 C:\Users\luke\Local Sites\acf-cpt-single-and-archive-page\app\public\wp-includes\query.php(948): WP_Query->have_posts()
#2 C:\Users\luke\Local Sites\acf-cpt-single-and-archive-page\app\public\wp-content\themes\twentyseventeen\front-page.php(23): have_posts()
#3 C:\Users\luke\Local Sites\acf-cpt-single-and-archive-page\app\public\wp-includes\template-loader.php(106): include('C:\\Users\\luke\\L...')
#4 C:\Users\luke\Local Sites\acf-cpt-single-and-archive-page\app\public\wp-blog-header.php(19): require_once('C:\\Users\\luke\\L...')
#5 C:\Users\luke\Local Sites\acf-cpt-single-and-archive-page\app\public\index.php(17): require('C:\\Users\\luke\\L...')
#6 {main}
  thrown in C:\Users\luke\Local Sites\acf-cpt-single-and-archive-page\app\public\wp-includes\class-wp-query.php on line 3738
[10-May-2024 14:51:54 UTC] PHP Parse error:  syntax error, unexpected end of file, expecting "elseif" or "else" or "endif" in C:\Users\luke\Local Sites\acf-cpt-single-and-archive-page\app\public\wp-content\themes\twentyseventeen\template-parts\page\content-front-page.php on line 60
[10-May-2024 14:53:38 UTC] PHP Parse error:  syntax error, unexpected token "<" in C:\Users\luke\Local Sites\acf-cpt-single-and-archive-page\app\public\wp-content\themes\twentyseventeen\template-parts\page\content-front-page.php on line 53
[10-May-2024 14:55:46 UTC] PHP Parse error:  syntax error, unexpected token "endif" in C:\Users\luke\Local Sites\acf-cpt-single-and-archive-page\app\public\wp-content\themes\twentyseventeen\template-parts\page\content-front-page.php on line 54
[10-May-2024 19:38:57 UTC] PHP Fatal error:  Uncaught Error: Undefined constant "‘init’" in C:\Users\luke\Local Sites\acf-cpt-single-and-archive-page\app\public\wp-content\themes\twentyseventeen\functions.php:724
Stack trace:
#0 C:\Users\luke\Local Sites\acf-cpt-single-and-archive-page\app\public\wp-settings.php(663): include()
#1 C:\Users\luke\Local Sites\acf-cpt-single-and-archive-page\app\public\wp-config.php(103): require_once('C:\\Users\\luke\\L...')
#2 C:\Users\luke\Local Sites\acf-cpt-single-and-archive-page\app\public\wp-load.php(50): require_once('C:\\Users\\luke\\L...')
#3 C:\Users\luke\Local Sites\acf-cpt-single-and-archive-page\app\public\wp-admin\admin.php(34): require_once('C:\\Users\\luke\\L...')
#4 C:\Users\luke\Local Sites\acf-cpt-single-and-archive-page\app\public\wp-admin\index.php(10): require_once('C:\\Users\\luke\\L...')
#5 {main}
  thrown in C:\Users\luke\Local Sites\acf-cpt-single-and-archive-page\app\public\wp-content\themes\twentyseventeen\functions.php on line 724
[10-May-2024 19:38:57 UTC] PHP Fatal error:  Uncaught Error: Undefined constant "‘init’" in C:\Users\luke\Local Sites\acf-cpt-single-and-archive-page\app\public\wp-content\themes\twentyseventeen\functions.php:724
Stack trace:
#0 C:\Users\luke\Local Sites\acf-cpt-single-and-archive-page\app\public\wp-settings.php(663): include()
#1 C:\Users\luke\Local Sites\acf-cpt-single-and-archive-page\app\public\wp-config.php(103): require_once('C:\\Users\\luke\\L...')
#2 C:\Users\luke\Local Sites\acf-cpt-single-and-archive-page\app\public\wp-load.php(50): require_once('C:\\Users\\luke\\L...')
#3 C:\Users\luke\Local Sites\acf-cpt-single-and-archive-page\app\public\wp-admin\admin.php(34): require_once('C:\\Users\\luke\\L...')
#4 C:\Users\luke\Local Sites\acf-cpt-single-and-archive-page\app\public\wp-admin\index.php(10): require_once('C:\\Users\\luke\\L...')
#5 {main}
  thrown in C:\Users\luke\Local Sites\acf-cpt-single-and-archive-page\app\public\wp-content\themes\twentyseventeen\functions.php on line 724
[10-May-2024 19:38:57 UTC] PHP Warning:  Trying to access array offset on value of type bool in C:\Users\luke\Local Sites\acf-cpt-single-and-archive-page\app\public\wp-includes\class-wp-recovery-mode-email-service.php on line 367
[10-May-2024 19:38:57 UTC] PHP Warning:  Trying to access array offset on value of type bool in C:\Users\luke\Local Sites\acf-cpt-single-and-archive-page\app\public\wp-includes\class-wp-recovery-mode-email-service.php on line 368
[10-May-2024 19:40:15 UTC] PHP Fatal error:  Uncaught Error: Undefined constant "‘init’" in C:\Users\luke\Local Sites\acf-cpt-single-and-archive-page\app\public\wp-content\themes\twentyseventeen\functions.php:724
Stack trace:
#0 C:\Users\luke\Local Sites\acf-cpt-single-and-archive-page\app\public\wp-settings.php(663): include()
#1 C:\Users\luke\Local Sites\acf-cpt-single-and-archive-page\app\public\wp-config.php(103): require_once('C:\\Users\\luke\\L...')
#2 C:\Users\luke\Local Sites\acf-cpt-single-and-archive-page\app\public\wp-load.php(50): require_once('C:\\Users\\luke\\L...')
#3 C:\Users\luke\Local Sites\acf-cpt-single-and-archive-page\app\public\wp-admin\admin.php(34): require_once('C:\\Users\\luke\\L...')
#4 C:\Users\luke\Local Sites\acf-cpt-single-and-archive-page\app\public\wp-admin\index.php(10): require_once('C:\\Users\\luke\\L...')
#5 {main}
  thrown in C:\Users\luke\Local Sites\acf-cpt-single-and-archive-page\app\public\wp-content\themes\twentyseventeen\functions.php on line 724
[10-May-2024 19:40:15 UTC] PHP Fatal error:  Uncaught Error: Undefined constant "‘init’" in C:\Users\luke\Local Sites\acf-cpt-single-and-archive-page\app\public\wp-content\themes\twentyseventeen\functions.php:724
Stack trace:
#0 C:\Users\luke\Local Sites\acf-cpt-single-and-archive-page\app\public\wp-settings.php(663): include()
#1 C:\Users\luke\Local Sites\acf-cpt-single-and-archive-page\app\public\wp-config.php(103): require_once('C:\\Users\\luke\\L...')
#2 C:\Users\luke\Local Sites\acf-cpt-single-and-archive-page\app\public\wp-load.php(50): require_once('C:\\Users\\luke\\L...')
#3 C:\Users\luke\Local Sites\acf-cpt-single-and-archive-page\app\public\wp-blog-header.php(13): require_once('C:\\Users\\luke\\L...')
#4 C:\Users\luke\Local Sites\acf-cpt-single-and-archive-page\app\public\index.php(17): require('C:\\Users\\luke\\L...')
#5 {main}
  thrown in C:\Users\luke\Local Sites\acf-cpt-single-and-archive-page\app\public\wp-content\themes\twentyseventeen\functions.php on line 724
[10-May-2024 19:40:17 UTC] PHP Fatal error:  Uncaught Error: Undefined constant "‘init’" in C:\Users\luke\Local Sites\acf-cpt-single-and-archive-page\app\public\wp-content\themes\twentyseventeen\functions.php:724
Stack trace:
#0 C:\Users\luke\Local Sites\acf-cpt-single-and-archive-page\app\public\wp-settings.php(663): include()
#1 C:\Users\luke\Local Sites\acf-cpt-single-and-archive-page\app\public\wp-config.php(103): require_once('C:\\Users\\luke\\L...')
#2 C:\Users\luke\Local Sites\acf-cpt-single-and-archive-page\app\public\wp-load.php(50): require_once('C:\\Users\\luke\\L...')
#3 C:\Users\luke\Local Sites\acf-cpt-single-and-archive-page\app\public\wp-admin\admin.php(34): require_once('C:\\Users\\luke\\L...')
#4 C:\Users\luke\Local Sites\acf-cpt-single-and-archive-page\app\public\wp-admin\index.php(10): require_once('C:\\Users\\luke\\L...')
#5 {main}
  thrown in C:\Users\luke\Local Sites\acf-cpt-single-and-archive-page\app\public\wp-content\themes\twentyseventeen\functions.php on line 724
[10-May-2024 19:40:17 UTC] PHP Fatal error:  Uncaught Error: Undefined constant "‘init’" in C:\Users\luke\Local Sites\acf-cpt-single-and-archive-page\app\public\wp-content\themes\twentyseventeen\functions.php:724
Stack trace:
#0 C:\Users\luke\Local Sites\acf-cpt-single-and-archive-page\app\public\wp-settings.php(663): include()
#1 C:\Users\luke\Local Sites\acf-cpt-single-and-archive-page\app\public\wp-config.php(103): require_once('C:\\Users\\luke\\L...')
#2 C:\Users\luke\Local Sites\acf-cpt-single-and-archive-page\app\public\wp-load.php(50): require_once('C:\\Users\\luke\\L...')
#3 C:\Users\luke\Local Sites\acf-cpt-single-and-archive-page\app\public\wp-blog-header.php(13): require_once('C:\\Users\\luke\\L...')
#4 C:\Users\luke\Local Sites\acf-cpt-single-and-archive-page\app\public\index.php(17): require('C:\\Users\\luke\\L...')
#5 {main}
  thrown in C:\Users\luke\Local Sites\acf-cpt-single-and-archive-page\app\public\wp-content\themes\twentyseventeen\functions.php on line 724
[14-May-2024 13:47:43 UTC] PHP Warning:  Undefined variable $args in C:\Users\luke\Local Sites\acf-cpt-single-and-archive-page\app\public\wp-content\themes\twentyseventeen\archive.php on line 38
[14-May-2024 13:51:40 UTC] PHP Parse error:  syntax error, unexpected end of file in C:\Users\luke\Local Sites\acf-cpt-single-and-archive-page\app\public\wp-content\themes\twentyseventeen\archive-house.php on line 45
[14-May-2024 13:52:21 UTC] PHP Parse error:  syntax error, unexpected end of file in C:\Users\luke\Local Sites\acf-cpt-single-and-archive-page\app\public\wp-content\themes\twentyseventeen\archive-house.php on line 44
[14-May-2024 14:00:15 UTC] PHP Parse error:  syntax error, unexpected end of file in C:\Users\luke\Local Sites\acf-cpt-single-and-archive-page\app\public\wp-content\themes\twentyseventeen\archive-house.php on line 43
